<?xml version="1.0" encoding="UTF-8"?>
<testsuite xmlns:xsi="http://www.w3.org/2001/XMLSchema-instance" xsi:noNamespaceSchemaLocation="https://maven.apache.org/surefire/maven-surefire-plugin/xsd/surefire-test-report.xsd" version="3.0.2" name="TestSuite" time="210.012" tests="67" errors="0" skipped="0" failures="0">
  <properties>
    <property name="java.specification.version" value="21"/>
    <property name="sun.cpu.isalist" value="amd64"/>
    <property name="sun.jnu.encoding" value="Cp1252"/>
    <property name="java.class.path" value="C:\Users\aksha\eclipse-workspace\ParaBank\target\test-classes;C:\Users\aksha\eclipse-workspace\ParaBank\target\classes;C:\Users\aksha\.m2\repository\org\seleniumhq\selenium\selenium-java\4.26.0\selenium-java-4.26.0.jar;C:\Users\aksha\.m2\repository\org\seleniumhq\selenium\selenium-api\4.26.0\selenium-api-4.26.0.jar;C:\Users\aksha\.m2\repository\org\jspecify\jspecify\1.0.0\jspecify-1.0.0.jar;C:\Users\aksha\.m2\repository\org\seleniumhq\selenium\selenium-chrome-driver\4.26.0\selenium-chrome-driver-4.26.0.jar;C:\Users\aksha\.m2\repository\com\google\auto\service\auto-service-annotations\1.1.1\auto-service-annotations-1.1.1.jar;C:\Users\aksha\.m2\repository\org\seleniumhq\selenium\selenium-chromium-driver\4.26.0\selenium-chromium-driver-4.26.0.jar;C:\Users\aksha\.m2\repository\org\seleniumhq\selenium\selenium-json\4.26.0\selenium-json-4.26.0.jar;C:\Users\aksha\.m2\repository\org\seleniumhq\selenium\selenium-manager\4.26.0\selenium-manager-4.26.0.jar;C:\Users\aksha\.m2\repository\org\seleniumhq\selenium\selenium-devtools-v128\4.26.0\selenium-devtools-v128-4.26.0.jar;C:\Users\aksha\.m2\repository\org\seleniumhq\selenium\selenium-devtools-v129\4.26.0\selenium-devtools-v129-4.26.0.jar;C:\Users\aksha\.m2\repository\org\seleniumhq\selenium\selenium-devtools-v130\4.26.0\selenium-devtools-v130-4.26.0.jar;C:\Users\aksha\.m2\repository\org\seleniumhq\selenium\selenium-devtools-v85\4.26.0\selenium-devtools-v85-4.26.0.jar;C:\Users\aksha\.m2\repository\org\seleniumhq\selenium\selenium-edge-driver\4.26.0\selenium-edge-driver-4.26.0.jar;C:\Users\aksha\.m2\repository\org\seleniumhq\selenium\selenium-firefox-driver\4.26.0\selenium-firefox-driver-4.26.0.jar;C:\Users\aksha\.m2\repository\org\seleniumhq\selenium\selenium-http\4.26.0\selenium-http-4.26.0.jar;C:\Users\aksha\.m2\repository\dev\failsafe\failsafe\3.3.2\failsafe-3.3.2.jar;C:\Users\aksha\.m2\repository\org\seleniumhq\selenium\selenium-ie-driver\4.26.0\selenium-ie-driver-4.26.0.jar;C:\Users\aksha\.m2\repository\org\seleniumhq\selenium\selenium-remote-driver\4.26.0\selenium-remote-driver-4.26.0.jar;C:\Users\aksha\.m2\repository\com\google\guava\guava\33.3.1-jre\guava-33.3.1-jre.jar;C:\Users\aksha\.m2\repository\com\google\guava\failureaccess\1.0.2\failureaccess-1.0.2.jar;C:\Users\aksha\.m2\repository\com\google\guava\listenablefuture\9999.0-empty-to-avoid-conflict-with-guava\listenablefuture-9999.0-empty-to-avoid-conflict-with-guava.jar;C:\Users\aksha\.m2\repository\com\google\code\findbugs\jsr305\3.0.2\jsr305-3.0.2.jar;C:\Users\aksha\.m2\repository\org\checkerframework\checker-qual\3.43.0\checker-qual-3.43.0.jar;C:\Users\aksha\.m2\repository\com\google\errorprone\error_prone_annotations\2.28.0\error_prone_annotations-2.28.0.jar;C:\Users\aksha\.m2\repository\com\google\j2objc\j2objc-annotations\3.0.0\j2objc-annotations-3.0.0.jar;C:\Users\aksha\.m2\repository\io\opentelemetry\semconv\opentelemetry-semconv\1.25.0-alpha\opentelemetry-semconv-1.25.0-alpha.jar;C:\Users\aksha\.m2\repository\io\opentelemetry\opentelemetry-api\1.43.0\opentelemetry-api-1.43.0.jar;C:\Users\aksha\.m2\repository\io\opentelemetry\opentelemetry-context\1.43.0\opentelemetry-context-1.43.0.jar;C:\Users\aksha\.m2\repository\io\opentelemetry\opentelemetry-exporter-logging\1.43.0\opentelemetry-exporter-logging-1.43.0.jar;C:\Users\aksha\.m2\repository\io\opentelemetry\opentelemetry-sdk-common\1.43.0\opentelemetry-sdk-common-1.43.0.jar;C:\Users\aksha\.m2\repository\io\opentelemetry\opentelemetry-sdk-extension-autoconfigure-spi\1.43.0\opentelemetry-sdk-extension-autoconfigure-spi-1.43.0.jar;C:\Users\aksha\.m2\repository\io\opentelemetry\opentelemetry-sdk-extension-autoconfigure\1.43.0\opentelemetry-sdk-extension-autoconfigure-1.43.0.jar;C:\Users\aksha\.m2\repository\io\opentelemetry\opentelemetry-api-incubator\1.43.0-alpha\opentelemetry-api-incubator-1.43.0-alpha.jar;C:\Users\aksha\.m2\repository\io\opentelemetry\opentelemetry-sdk-trace\1.43.0\opentelemetry-sdk-trace-1.43.0.jar;C:\Users\aksha\.m2\repository\io\opentelemetry\opentelemetry-sdk\1.43.0\opentelemetry-sdk-1.43.0.jar;C:\Users\aksha\.m2\repository\io\opentelemetry\opentelemetry-sdk-metrics\1.43.0\opentelemetry-sdk-metrics-1.43.0.jar;C:\Users\aksha\.m2\repository\io\opentelemetry\opentelemetry-sdk-logs\1.43.0\opentelemetry-sdk-logs-1.43.0.jar;C:\Users\aksha\.m2\repository\net\bytebuddy\byte-buddy\1.15.7\byte-buddy-1.15.7.jar;C:\Users\aksha\.m2\repository\org\seleniumhq\selenium\selenium-os\4.26.0\selenium-os-4.26.0.jar;C:\Users\aksha\.m2\repository\org\apache\commons\commons-exec\1.4.0\commons-exec-1.4.0.jar;C:\Users\aksha\.m2\repository\org\seleniumhq\selenium\selenium-safari-driver\4.26.0\selenium-safari-driver-4.26.0.jar;C:\Users\aksha\.m2\repository\org\seleniumhq\selenium\selenium-support\4.26.0\selenium-support-4.26.0.jar;C:\Users\aksha\.m2\repository\org\testng\testng\7.10.2\testng-7.10.2.jar;C:\Users\aksha\.m2\repository\org\slf4j\slf4j-api\1.7.36\slf4j-api-1.7.36.jar;C:\Users\aksha\.m2\repository\com\beust\jcommander\1.82\jcommander-1.82.jar;C:\Users\aksha\.m2\repository\org\webjars\jquery\3.7.1\jquery-3.7.1.jar;C:\Users\aksha\.m2\repository\net\sourceforge\jexcelapi\jxl\2.5.7\jxl-2.5.7.jar;C:\Users\aksha\.m2\repository\commons-io\commons-io\2.11.0\commons-io-2.11.0.jar;C:\Users\aksha\.m2\repository\ru\yandex\qatools\ashot\ashot\1.4.12\ashot-1.4.12.jar;C:\Users\aksha\.m2\repository\com\google\code\gson\gson\2.2.4\gson-2.2.4.jar;C:\Users\aksha\.m2\repository\org\hamcrest\hamcrest-all\1.3\hamcrest-all-1.3.jar;C:\Users\aksha\.m2\repository\com\googlecode\lambdaj\lambdaj\2.3.3\lambdaj-2.3.3.jar;C:\Users\aksha\.m2\repository\org\objenesis\objenesis\1.2\objenesis-1.2.jar;C:\Users\aksha\.m2\repository\cglib\cglib-nodep\2.2\cglib-nodep-2.2.jar;C:\Users\aksha\.m2\repository\org\apache\logging\log4j\log4j-slf4j-impl\2.24.0\log4j-slf4j-impl-2.24.0.jar;C:\Users\aksha\.m2\repository\org\apache\logging\log4j\log4j-api\2.24.0\log4j-api-2.24.0.jar;C:\Users\aksha\.m2\repository\org\apache\logging\log4j\log4j-core\2.24.0\log4j-core-2.24.0.jar;"/>
    <property name="java.vm.vendor" value="Oracle Corporation"/>
    <property name="sun.arch.data.model" value="64"/>
    <property name="user.variant" value=""/>
    <property name="java.vendor.url" value="https://java.oracle.com/"/>
    <property name="user.timezone" value="America/Chicago"/>
    <property name="os.name" value="Windows 11"/>
    <property name="java.vm.specification.version" value="21"/>
    <property name="sun.java.launcher" value="SUN_STANDARD"/>
    <property name="user.country" value="US"/>
    <property name="sun.boot.library.path" value="C:\Program Files\Java\jdk-21\bin"/>
    <property name="sun.java.command" value="C:\Users\aksha\AppData\Local\Temp\surefire11037364220035270363\surefirebooter-20241114101240490_3.jar C:\Users\aksha\AppData\Local\Temp\surefire11037364220035270363 2024-11-14T10-12-40_324-jvmRun1 surefire-20241114101240490_1tmp surefire_0-20241114101240490_2tmp"/>
    <property name="jdk.debug" value="release"/>
    <property name="surefire.test.class.path" value="C:\Users\aksha\eclipse-workspace\ParaBank\target\test-classes;C:\Users\aksha\eclipse-workspace\ParaBank\target\classes;C:\Users\aksha\.m2\repository\org\seleniumhq\selenium\selenium-java\4.26.0\selenium-java-4.26.0.jar;C:\Users\aksha\.m2\repository\org\seleniumhq\selenium\selenium-api\4.26.0\selenium-api-4.26.0.jar;C:\Users\aksha\.m2\repository\org\jspecify\jspecify\1.0.0\jspecify-1.0.0.jar;C:\Users\aksha\.m2\repository\org\seleniumhq\selenium\selenium-chrome-driver\4.26.0\selenium-chrome-driver-4.26.0.jar;C:\Users\aksha\.m2\repository\com\google\auto\service\auto-service-annotations\1.1.1\auto-service-annotations-1.1.1.jar;C:\Users\aksha\.m2\repository\org\seleniumhq\selenium\selenium-chromium-driver\4.26.0\selenium-chromium-driver-4.26.0.jar;C:\Users\aksha\.m2\repository\org\seleniumhq\selenium\selenium-json\4.26.0\selenium-json-4.26.0.jar;C:\Users\aksha\.m2\repository\org\seleniumhq\selenium\selenium-manager\4.26.0\selenium-manager-4.26.0.jar;C:\Users\aksha\.m2\repository\org\seleniumhq\selenium\selenium-devtools-v128\4.26.0\selenium-devtools-v128-4.26.0.jar;C:\Users\aksha\.m2\repository\org\seleniumhq\selenium\selenium-devtools-v129\4.26.0\selenium-devtools-v129-4.26.0.jar;C:\Users\aksha\.m2\repository\org\seleniumhq\selenium\selenium-devtools-v130\4.26.0\selenium-devtools-v130-4.26.0.jar;C:\Users\aksha\.m2\repository\org\seleniumhq\selenium\selenium-devtools-v85\4.26.0\selenium-devtools-v85-4.26.0.jar;C:\Users\aksha\.m2\repository\org\seleniumhq\selenium\selenium-edge-driver\4.26.0\selenium-edge-driver-4.26.0.jar;C:\Users\aksha\.m2\repository\org\seleniumhq\selenium\selenium-firefox-driver\4.26.0\selenium-firefox-driver-4.26.0.jar;C:\Users\aksha\.m2\repository\org\seleniumhq\selenium\selenium-http\4.26.0\selenium-http-4.26.0.jar;C:\Users\aksha\.m2\repository\dev\failsafe\failsafe\3.3.2\failsafe-3.3.2.jar;C:\Users\aksha\.m2\repository\org\seleniumhq\selenium\selenium-ie-driver\4.26.0\selenium-ie-driver-4.26.0.jar;C:\Users\aksha\.m2\repository\org\seleniumhq\selenium\selenium-remote-driver\4.26.0\selenium-remote-driver-4.26.0.jar;C:\Users\aksha\.m2\repository\com\google\guava\guava\33.3.1-jre\guava-33.3.1-jre.jar;C:\Users\aksha\.m2\repository\com\google\guava\failureaccess\1.0.2\failureaccess-1.0.2.jar;C:\Users\aksha\.m2\repository\com\google\guava\listenablefuture\9999.0-empty-to-avoid-conflict-with-guava\listenablefuture-9999.0-empty-to-avoid-conflict-with-guava.jar;C:\Users\aksha\.m2\repository\com\google\code\findbugs\jsr305\3.0.2\jsr305-3.0.2.jar;C:\Users\aksha\.m2\repository\org\checkerframework\checker-qual\3.43.0\checker-qual-3.43.0.jar;C:\Users\aksha\.m2\repository\com\google\errorprone\error_prone_annotations\2.28.0\error_prone_annotations-2.28.0.jar;C:\Users\aksha\.m2\repository\com\google\j2objc\j2objc-annotations\3.0.0\j2objc-annotations-3.0.0.jar;C:\Users\aksha\.m2\repository\io\opentelemetry\semconv\opentelemetry-semconv\1.25.0-alpha\opentelemetry-semconv-1.25.0-alpha.jar;C:\Users\aksha\.m2\repository\io\opentelemetry\opentelemetry-api\1.43.0\opentelemetry-api-1.43.0.jar;C:\Users\aksha\.m2\repository\io\opentelemetry\opentelemetry-context\1.43.0\opentelemetry-context-1.43.0.jar;C:\Users\aksha\.m2\repository\io\opentelemetry\opentelemetry-exporter-logging\1.43.0\opentelemetry-exporter-logging-1.43.0.jar;C:\Users\aksha\.m2\repository\io\opentelemetry\opentelemetry-sdk-common\1.43.0\opentelemetry-sdk-common-1.43.0.jar;C:\Users\aksha\.m2\repository\io\opentelemetry\opentelemetry-sdk-extension-autoconfigure-spi\1.43.0\opentelemetry-sdk-extension-autoconfigure-spi-1.43.0.jar;C:\Users\aksha\.m2\repository\io\opentelemetry\opentelemetry-sdk-extension-autoconfigure\1.43.0\opentelemetry-sdk-extension-autoconfigure-1.43.0.jar;C:\Users\aksha\.m2\repository\io\opentelemetry\opentelemetry-api-incubator\1.43.0-alpha\opentelemetry-api-incubator-1.43.0-alpha.jar;C:\Users\aksha\.m2\repository\io\opentelemetry\opentelemetry-sdk-trace\1.43.0\opentelemetry-sdk-trace-1.43.0.jar;C:\Users\aksha\.m2\repository\io\opentelemetry\opentelemetry-sdk\1.43.0\opentelemetry-sdk-1.43.0.jar;C:\Users\aksha\.m2\repository\io\opentelemetry\opentelemetry-sdk-metrics\1.43.0\opentelemetry-sdk-metrics-1.43.0.jar;C:\Users\aksha\.m2\repository\io\opentelemetry\opentelemetry-sdk-logs\1.43.0\opentelemetry-sdk-logs-1.43.0.jar;C:\Users\aksha\.m2\repository\net\bytebuddy\byte-buddy\1.15.7\byte-buddy-1.15.7.jar;C:\Users\aksha\.m2\repository\org\seleniumhq\selenium\selenium-os\4.26.0\selenium-os-4.26.0.jar;C:\Users\aksha\.m2\repository\org\apache\commons\commons-exec\1.4.0\commons-exec-1.4.0.jar;C:\Users\aksha\.m2\repository\org\seleniumhq\selenium\selenium-safari-driver\4.26.0\selenium-safari-driver-4.26.0.jar;C:\Users\aksha\.m2\repository\org\seleniumhq\selenium\selenium-support\4.26.0\selenium-support-4.26.0.jar;C:\Users\aksha\.m2\repository\org\testng\testng\7.10.2\testng-7.10.2.jar;C:\Users\aksha\.m2\repository\org\slf4j\slf4j-api\1.7.36\slf4j-api-1.7.36.jar;C:\Users\aksha\.m2\repository\com\beust\jcommander\1.82\jcommander-1.82.jar;C:\Users\aksha\.m2\repository\org\webjars\jquery\3.7.1\jquery-3.7.1.jar;C:\Users\aksha\.m2\repository\net\sourceforge\jexcelapi\jxl\2.5.7\jxl-2.5.7.jar;C:\Users\aksha\.m2\repository\commons-io\commons-io\2.11.0\commons-io-2.11.0.jar;C:\Users\aksha\.m2\repository\ru\yandex\qatools\ashot\ashot\1.4.12\ashot-1.4.12.jar;C:\Users\aksha\.m2\repository\com\google\code\gson\gson\2.2.4\gson-2.2.4.jar;C:\Users\aksha\.m2\repository\org\hamcrest\hamcrest-all\1.3\hamcrest-all-1.3.jar;C:\Users\aksha\.m2\repository\com\googlecode\lambdaj\lambdaj\2.3.3\lambdaj-2.3.3.jar;C:\Users\aksha\.m2\repository\org\objenesis\objenesis\1.2\objenesis-1.2.jar;C:\Users\aksha\.m2\repository\cglib\cglib-nodep\2.2\cglib-nodep-2.2.jar;C:\Users\aksha\.m2\repository\org\apache\logging\log4j\log4j-slf4j-impl\2.24.0\log4j-slf4j-impl-2.24.0.jar;C:\Users\aksha\.m2\repository\org\apache\logging\log4j\log4j-api\2.24.0\log4j-api-2.24.0.jar;C:\Users\aksha\.m2\repository\org\apache\logging\log4j\log4j-core\2.24.0\log4j-core-2.24.0.jar;"/>
    <property name="sun.cpu.endian" value="little"/>
    <property name="user.home" value="C:\Users\aksha"/>
    <property name="user.language" value="en"/>
    <property name="java.specification.vendor" value="Oracle Corporation"/>
    <property name="java.version.date" value="2023-10-17"/>
    <property name="java.home" value="C:\Program Files\Java\jdk-21"/>
    <property name="file.separator" value="\"/>
    <property name="basedir" value="C:\Users\aksha\eclipse-workspace\ParaBank"/>
    <property name="java.vm.compressedOopsMode" value="32-bit"/>
    <property name="line.separator" value="&#10;"/>
    <property name="java.vm.specification.vendor" value="Oracle Corporation"/>
    <property name="java.specification.name" value="Java Platform API Specification"/>
    <property name="surefire.real.class.path" value="C:\Users\aksha\AppData\Local\Temp\surefire11037364220035270363\surefirebooter-20241114101240490_3.jar"/>
    <property name="user.script" value=""/>
    <property name="sun.management.compiler" value="HotSpot 64-Bit Tiered Compilers"/>
    <property name="java.runtime.version" value="21.0.1+12-LTS-29"/>
    <property name="user.name" value="aksha"/>
    <property name="stdout.encoding" value="Cp1252"/>
    <property name="path.separator" value=";"/>
    <property name="os.version" value="10.0"/>
    <property name="java.runtime.name" value="Java(TM) SE Runtime Environment"/>
    <property name="file.encoding" value="UTF-8"/>
    <property name="java.vm.name" value="Java HotSpot(TM) 64-Bit Server VM"/>
    <property name="localRepository" value="C:\Users\aksha\.m2\repository"/>
    <property name="java.vendor.url.bug" value="https://bugreport.java.com/bugreport/"/>
    <property name="java.io.tmpdir" value="C:\Users\aksha\AppData\Local\Temp\"/>
    <property name="java.version" value="21.0.1"/>
    <property name="user.dir" value="C:\Users\aksha\eclipse-workspace\ParaBank"/>
    <property name="os.arch" value="amd64"/>
    <property name="java.vm.specification.name" value="Java Virtual Machine Specification"/>
    <property name="sun.os.patch.level" value=""/>
    <property name="native.encoding" value="Cp1252"/>
    <property name="java.library.path" value="C:\Program Files\Java\jdk-21\bin;C:\Windows\Sun\Java\bin;C:\Windows\system32;C:\Windows;C:\Program Files\Common Files\Oracle\Java\javapath;C:\Windows\system32;C:\Windows;C:\Windows\System32\Wbem;C:\Windows\System32\WindowsPowerShell\v1.0\;C:\Windows\System32\OpenSSH\;C:\Program Files\dotnet\;C:\strawberry\c\bin;C:\strawberry\perl\bin;C:\Program Files\nodejs\;C:\Program Files\Git\cmd;C:\Program Files\Java\jdk-21\bin;C:\Program Files\apache-maven-3.9.9\bin;C:\Users\aksha\AppData\Local\Microsoft\WindowsApps;C:\Users\aksha\AppData\Local\Microsoft\WinGet\Packages\Schniz.fnm_Microsoft.Winget.Source_8wekyb3d8bbwe;C:\Users\aksha\AppData\Roaming\npm;C:\Program Files\Java\jdk-21\bin;;."/>
    <property name="java.vm.info" value="mixed mode, sharing"/>
    <property name="stderr.encoding" value="Cp1252"/>
    <property name="java.vendor" value="Oracle Corporation"/>
    <property name="java.vm.version" value="21.0.1+12-LTS-29"/>
    <property name="sun.io.unicode.encoding" value="UnicodeLittle"/>
    <property name="java.class.version" value="65.0"/>
  </properties>
  <testcase name="clickingRegisterWithAllDetails" classname="SanityTest.BillPayPage" time="9.297"/>
  <testcase name="clickingRegisterWithAllDetails" classname="SanityTest.RegisterPage" time="1.985"/>
  <testcase name="clickingUpdateProfileWithAllDetails" classname="SanityTest.UpdateContactInfo" time="3.204"/>
  <testcase name="LogoutFeature" classname="SanityTest.Logout" time="6.915"/>
  <testcase name="homePageWelcomeMessage" classname="SanityTest.Home" time="7.047"/>
  <testcase name="Login" classname="SanityTest.Login" time="10.224"/>
  <testcase name="checkingTitleOfPage" classname="RegressionTest.Register" time="2.761"/>
  <testcase name="checkingSubTitleOfPage" classname="RegressionTest.Register" time="3.863"/>
  <testcase name="clickingRegisterWithoutAnyDetails" classname="RegressionTest.Register" time="4.306"/>
  <testcase name="clickingRegisterWithoutFirstName" classname="RegressionTest.Register" time="4.752"/>
  <testcase name="clickingRegisterWithoutLastName" classname="RegressionTest.Register" time="4.194"/>
  <testcase name="clickingRegisterWithoutAddress" classname="RegressionTest.Register" time="4.433"/>
  <testcase name="clickingRegisterWithoutCity" classname="RegressionTest.Register" time="3.903"/>
  <testcase name="clickingRegisterWithoutState" classname="RegressionTest.Register" time="4.199"/>
  <testcase name="clickingRegisterWithoutZipCode" classname="RegressionTest.Register" time="3.734"/>
  <testcase name="clickingRegisterWithoutSSN" classname="RegressionTest.Register" time="4.184"/>
  <testcase name="clickingRegisterWithoutUsername" classname="RegressionTest.Register" time="4.336"/>
  <testcase name="clickingRegisterWithoutPassword" classname="RegressionTest.Register" time="3.991"/>
  <testcase name="clickingRegisterWithoutRepeatPassword" classname="RegressionTest.Register" time="4.372"/>
  <testcase name="clickingRegisterWithAllDetail" classname="RegressionTest.Register" time="4.135"/>
  <testcase name="checkingTitleOfPage" classname="RegressionTest.ForgetPassword" time="3.118"/>
  <testcase name="checkingSubTitleOfPage" classname="RegressionTest.ForgetPassword" time="2.207"/>
  <testcase name="clickingFindMyLoginInfoWithoutAnyDetails" classname="RegressionTest.ForgetPassword" time="3.756"/>
  <testcase name="clickingFindMyLoginInfoWithoutFirstName" classname="RegressionTest.ForgetPassword" time="4.179"/>
  <testcase name="clickingFindMyLoginInfoWithoutLastName" classname="RegressionTest.ForgetPassword" time="3.834"/>
  <testcase name="clickingFindMyLoginInfoWithoutAddress" classname="RegressionTest.ForgetPassword" time="4.621"/>
  <testcase name="clickingFindMyLoginInfoWithoutCity" classname="RegressionTest.ForgetPassword" time="3.914"/>
  <testcase name="clickingFindMyLoginInfoWithoutState" classname="RegressionTest.ForgetPassword" time="3.967"/>
  <testcase name="clickingFindMyLoginInfoWithoutZipCode" classname="RegressionTest.ForgetPassword" time="3.701"/>
  <testcase name="clickingFindMyLoginInfoWithoutSSN" classname="RegressionTest.ForgetPassword" time="4.189"/>
  <testcase name="clickingFindMyLoginInfoWithAllDetails" classname="RegressionTest.ForgetPassword" time="4.588"/>
  <testcase name="withoutUsernameAndPassword" classname="RegressionTest.LoginPage" time="2.456"/>
  <testcase name="withUsernameAndWithoutPassword" classname="RegressionTest.LoginPage" time="3.845"/>
  <testcase name="withPasswordAndWithoutUsername" classname="RegressionTest.LoginPage" time="3.839"/>
  <testcase name="correctusernameAndIncorrectPassword" classname="RegressionTest.LoginPage" time="4.595"/>
  <testcase name="incorrectusernameAndcorrectPassword" classname="RegressionTest.LoginPage" time="3.128"/>
  <testcase name="correctPasswordAndUsername" classname="RegressionTest.LoginPage" time="7.547"/>
  <testcase name="Logout" classname="RegressionTest.LoginPage" time="8.09"/>
  <testcase name="homePageWelcomeMessage" classname="RegressionTest.HomePage" time="0.0"/>
  <testcase name="homePageMenuTitle" classname="RegressionTest.HomePage" time="0.016"/>
  <testcase name="homePageMenuItems" classname="RegressionTest.HomePage" time="0.142"/>
  <testcase name="homePageMainTitle" classname="RegressionTest.HomePage" time="0.014"/>
  <testcase name="homePageAccountTableDetails" classname="RegressionTest.HomePage" time="0.281"/>
  <testcase name="OneNewAccountCheckTitle" classname="RegressionTest.OpenNewAccount" time="0.067"/>
  <testcase name="OpenNewAccountWithoutSelectingNothing" classname="RegressionTest.OpenNewAccount" time="0.48"/>
  <testcase name="clickingUpdateProfileRemovingFirstName" classname="RegressionTest.UpdateContactInfo" time="0.162"/>
  <testcase name="clickingUpdateProfileRemovingLastName" classname="RegressionTest.UpdateContactInfo" time="0.177"/>
  <testcase name="clickingUpdateProfileRemovingAddress" classname="RegressionTest.UpdateContactInfo" time="0.233"/>
  <testcase name="clickingUpdateProfileRemovingCity" classname="RegressionTest.UpdateContactInfo" time="0.35"/>
  <testcase name="clickingUpdateProfileRemovingState" classname="RegressionTest.UpdateContactInfo" time="0.42"/>
  <testcase name="clickingUpdateProfileRemovingZipcode" classname="RegressionTest.UpdateContactInfo" time="0.536"/>
  <testcase name="clickingUpdateProfileWithoutAnyDetails" classname="RegressionTest.UpdateContactInfo" time="0.488"/>
  <testcase name="clickingUpdateProfileWithAllDetails" classname="RegressionTest.UpdateContactInfo" time="0.947"/>
  <testcase name="CheckingTheTitle" classname="RegressionTest.BillPay" time="0.063"/>
  <testcase name="ClickSendPaymentWithoutAnyDetails" classname="RegressionTest.BillPay" time="0.301"/>
  <testcase name="clickingRegisterWithoutPayeeName" classname="RegressionTest.BillPay" time="0.917"/>
  <testcase name="clickingRegisterWithoutPayeeAddress" classname="RegressionTest.BillPay" time="0.706"/>
  <testcase name="clickingRegisterWithoutCity" classname="RegressionTest.BillPay" time="0.787"/>
  <testcase name="clickingRegisterWithoutState" classname="RegressionTest.BillPay" time="0.567"/>
  <testcase name="clickingRegisterWithoutZipCode" classname="RegressionTest.BillPay" time="0.628"/>
  <testcase name="clickingRegisterWithoutphoneNumber" classname="RegressionTest.BillPay" time="0.623"/>
  <testcase name="clickingRegisterWithoutAccountNumber" classname="RegressionTest.BillPay" time="0.602"/>
  <testcase name="clickingRegisterWithoutVerifyAccount" classname="RegressionTest.BillPay" time="0.787"/>
  <testcase name="clickingRegisterWithoutVerifyAmount" classname="RegressionTest.BillPay" time="0.713"/>
  <testcase name="clickingRegisterWithDifferentAccountNumber" classname="RegressionTest.BillPay" time="0.772"/>
  <testcase name="clickingRegisterWithAllDetails" classname="RegressionTest.BillPay" time="1.964"/>
  <testcase name="logoutFeature" classname="RegressionTest.Logout" time="7.922"/>
</testsuite>