<?xml version="1.0" encoding="UTF-8"?>
<!-- Generated by org.testng.reporters.JUnitReportReporter -->
<testsuite hostname="Akshay" failures="0" tests="5" name="RegressionTest.HomePage" time="0.776" errors="0" timestamp="2024-11-13T20:30:19 CST" skipped="0">
  <testcase classname="RegressionTest.HomePage" name="homePageWelcomeMessage" time="0.056"/>
  <testcase classname="RegressionTest.HomePage" name="homePageMenuTitle" time="0.033"/>
  <testcase classname="RegressionTest.HomePage" name="homePageMenuItems" time="0.247"/>
  <testcase classname="RegressionTest.HomePage" name="homePageMainTitle" time="0.035"/>
  <testcase classname="RegressionTest.HomePage" name="homePageAccountTableDetails" time="0.405"/>
</testsuite> <!-- RegressionTest.HomePage -->
