<?xml version="1.0" encoding="UTF-8"?>
<!-- Generated by org.testng.reporters.JUnitReportReporter -->
<testsuite hostname="Akshay" failures="0" tests="13" name="SanityTest.BillPay" time="7.876" errors="0" timestamp="2024-11-12T20:23:43 CST" skipped="0">
  <testcase classname="SanityTest.BillPay" name="CheckingTheTitle" time="0.054"/>
  <testcase classname="SanityTest.BillPay" name="ClickSendPaymentWithoutAnyDetails" time="0.209"/>
  <testcase classname="SanityTest.BillPay" name="clickingRegisterWithoutPayeeName" time="0.732"/>
  <testcase classname="SanityTest.BillPay" name="clickingRegisterWithoutPayeeAddress" time="0.631"/>
  <testcase classname="SanityTest.BillPay" name="clickingRegisterWithoutCity" time="0.621"/>
  <testcase classname="SanityTest.BillPay" name="clickingRegisterWithoutState" time="0.624"/>
  <testcase classname="SanityTest.BillPay" name="clickingRegisterWithoutZipCode" time="0.719"/>
  <testcase classname="SanityTest.BillPay" name="clickingRegisterWithoutphoneNumber" time="0.678"/>
  <testcase classname="SanityTest.BillPay" name="clickingRegisterWithoutAccountNumber" time="0.691"/>
  <testcase classname="SanityTest.BillPay" name="clickingRegisterWithoutVerifyAccount" time="0.736"/>
  <testcase classname="SanityTest.BillPay" name="clickingRegisterWithoutVerifyAmount" time="0.855"/>
  <testcase classname="SanityTest.BillPay" name="clickingRegisterWithDifferentAccountNumber" time="0.749"/>
  <testcase classname="SanityTest.BillPay" name="clickingRegisterWithAllDetails" time="0.577"/>
</testsuite> <!-- SanityTest.BillPay -->
