<?xml version="1.0" encoding="UTF-8"?>
<!-- Generated by org.testng.reporters.JUnitReportReporter -->
<testsuite hostname="Akshay" failures="0" tests="1" name="SmokeTest.Login" time="9.928" errors="0" timestamp="2024-11-11T23:17:31 CST" skipped="0">
  <testcase classname="SmokeTest.Login" name="Login" time="9.928"/>
</testsuite> <!-- SmokeTest.Login -->
