<?xml version="1.0" encoding="UTF-8"?>
<!-- Generated by org.testng.reporters.JUnitReportReporter -->
<testsuite hostname="Akshay" failures="0" tests="1" name="RegressionTest.RegisterPage" time="4.602" errors="0" timestamp="2024-11-10T11:16:33 CST" skipped="0">
  <testcase classname="RegressionTest.RegisterPage" name="clickingRegisterWithoAllDetails" time="4.602"/>
</testsuite> <!-- RegressionTest.RegisterPage -->
