<?xml version="1.0" encoding="UTF-8"?>
<!-- Generated by org.testng.reporters.JUnitReportReporter -->
<testsuite hostname="Akshay" failures="0" tests="1" name="RegressionTest.Logout" time="9.171" errors="0" timestamp="2024-11-13T20:05:52 CST" skipped="0">
  <testcase classname="RegressionTest.Logout" name="logoutFeature" time="9.171"/>
</testsuite> <!-- RegressionTest.Logout -->
