<?xml version="1.0" encoding="UTF-8"?>
<!-- Generated by org.testng.reporters.JUnitReportReporter -->
<testsuite hostname="Akshay" failures="0" tests="5" name="SanityTest.HomePage" time="0.390" errors="0" timestamp="2024-11-12T13:59:21 CST" skipped="0">
  <testcase classname="SanityTest.HomePage" name="homePageMenuItems" time="0.127"/>
  <testcase classname="SanityTest.HomePage" name="homePageMainTitle" time="0.017"/>
  <testcase classname="SanityTest.HomePage" name="homePageMenuTitle" time="0.016"/>
  <testcase classname="SanityTest.HomePage" name="homePageWelcomeMessage" time="0.016"/>
  <testcase classname="SanityTest.HomePage" name="homePageAccountTableDetails" time="0.214"/>
</testsuite> <!-- SanityTest.HomePage -->
