<?xml version="1.0" encoding="UTF-8"?>
<!-- Generated by org.testng.reporters.JUnitReportReporter -->
<testsuite hostname="Akshay" failures="0" tests="1" name="SmokeTest.UpdateContactInfo" time="0.923" errors="0" timestamp="2024-11-13T16:27:52 CST" skipped="0">
  <testcase classname="SmokeTest.UpdateContactInfo" name="clickingUpdateProfileWithAllDetails" time="0.923"/>
</testsuite> <!-- SmokeTest.UpdateContactInfo -->
