<?xml version="1.0" encoding="UTF-8"?>
<!-- Generated by org.testng.reporters.JUnitReportReporter -->
<testsuite hostname="Akshay" failures="0" tests="1" name="RegressionTest.ForgetPassword" time="2.948" errors="0" timestamp="2024-11-13T20:31:50 CST" skipped="0">
  <testcase classname="RegressionTest.ForgetPassword" name="checkingTitleOfPage" time="2.948"/>
</testsuite> <!-- RegressionTest.ForgetPassword -->
