<?xml version="1.0" encoding="UTF-8"?>
<!-- Generated by org.testng.reporters.JUnitReportReporter -->
<testsuite hostname="Akshay" failures="0" tests="1" name="SmokeTest.RegisterPage" time="4.856" errors="0" timestamp="2024-11-12T17:09:52 CST" skipped="0">
  <testcase classname="SmokeTest.RegisterPage" name="clickingRegisterWithAllDetails" time="4.856"/>
</testsuite> <!-- SmokeTest.RegisterPage -->
