<?xml version="1.0" encoding="UTF-8"?>
<!-- Generated by org.testng.reporters.JUnitReportReporter -->
<testsuite hostname="Akshay" failures="0" tests="2" name="SanityTest.OpenNewAccount" time="0.397" errors="0" timestamp="2024-11-12T16:34:27 CST" skipped="0">
  <testcase classname="SanityTest.OpenNewAccount" name="OpenNewAccountWithoutSelectingNothing" time="0.292"/>
  <testcase classname="SanityTest.OpenNewAccount" name="OneNewAccountCheckTitle" time="0.105"/>
</testsuite> <!-- SanityTest.OpenNewAccount -->
