<?xml version="1.0" encoding="UTF-8"?>
<!-- Generated by org.testng.reporters.JUnitReportReporter -->
<testsuite hostname="Akshay" failures="0" tests="8" name="RegressionTest.UpdateContactInfo" time="3.891" errors="0" timestamp="2024-11-13T20:39:13 CST" skipped="0">
  <testcase classname="RegressionTest.UpdateContactInfo" name="clickingUpdateProfileRemovingFirstName" time="0.205"/>
  <testcase classname="RegressionTest.UpdateContactInfo" name="clickingUpdateProfileRemovingLastName" time="0.314"/>
  <testcase classname="RegressionTest.UpdateContactInfo" name="clickingUpdateProfileRemovingAddress" time="0.333"/>
  <testcase classname="RegressionTest.UpdateContactInfo" name="clickingUpdateProfileRemovingCity" time="0.357"/>
  <testcase classname="RegressionTest.UpdateContactInfo" name="clickingUpdateProfileRemovingState" time="0.500"/>
  <testcase classname="RegressionTest.UpdateContactInfo" name="clickingUpdateProfileRemovingZipcode" time="0.687"/>
  <testcase classname="RegressionTest.UpdateContactInfo" name="clickingUpdateProfileWithoutAnyDetails" time="0.370"/>
  <testcase classname="RegressionTest.UpdateContactInfo" name="clickingUpdateProfileWithAllDetails" time="1.125"/>
</testsuite> <!-- RegressionTest.UpdateContactInfo -->
