<?xml version="1.0" encoding="UTF-8"?>
<!-- Generated by org.testng.reporters.JUnitReportReporter -->
<testsuite hostname="Akshay" failures="0" tests="1" name="SmokeTest.Home" time="6.902" errors="0" timestamp="2024-11-12T09:29:12 CST" skipped="0">
  <testcase classname="SmokeTest.Home" name="homePageWelcomeMessage" time="6.902"/>
</testsuite> <!-- SmokeTest.Home -->
