<?xml version="1.0" encoding="UTF-8"?>
<!-- Generated by org.testng.reporters.JUnitReportReporter -->
<testsuite hostname="Akshay" failures="0" tests="14" name="SanityTest.Register" time="69.175" errors="0" timestamp="2024-11-12T17:08:54 CST" skipped="0">
  <testcase classname="SanityTest.Register" name="checkingTitleOfPage" time="11.191"/>
  <testcase classname="SanityTest.Register" name="checkingSubTitleOfPage" time="3.841"/>
  <testcase classname="SanityTest.Register" name="clickingRegisterWithoutAnyDetails" time="3.699"/>
  <testcase classname="SanityTest.Register" name="clickingRegisterWithoutFirstName" time="5.096"/>
  <testcase classname="SanityTest.Register" name="clickingRegisterWithoutLastName" time="5.567"/>
  <testcase classname="SanityTest.Register" name="clickingRegisterWithoutAddress" time="4.980"/>
  <testcase classname="SanityTest.Register" name="clickingRegisterWithoutCity" time="4.543"/>
  <testcase classname="SanityTest.Register" name="clickingRegisterWithoutState" time="4.178"/>
  <testcase classname="SanityTest.Register" name="clickingRegisterWithoutZipCode" time="4.361"/>
  <testcase classname="SanityTest.Register" name="clickingRegisterWithoutSSN" time="4.114"/>
  <testcase classname="SanityTest.Register" name="clickingRegisterWithoutUsername" time="4.625"/>
  <testcase classname="SanityTest.Register" name="clickingRegisterWithoutPassword" time="4.331"/>
  <testcase classname="SanityTest.Register" name="clickingRegisterWithoutRepeatPassword" time="4.587"/>
  <testcase classname="SanityTest.Register" name="clickingRegisterWithAllDetail" time="4.062"/>
</testsuite> <!-- SanityTest.Register -->
