<?xml version="1.0" encoding="UTF-8"?>
<!-- Generated by org.testng.reporters.JUnitReportReporter -->
<testsuite hostname="Akshay" failures="0" tests="14" name="RegressionTest.Register" time="57.031" errors="0" timestamp="2024-11-13T20:35:49 CST" skipped="0">
  <testcase classname="RegressionTest.Register" name="checkingTitleOfPage" time="3.017"/>
  <testcase classname="RegressionTest.Register" name="checkingSubTitleOfPage" time="2.381"/>
  <testcase classname="RegressionTest.Register" name="clickingRegisterWithoutAnyDetails" time="3.696"/>
  <testcase classname="RegressionTest.Register" name="clickingRegisterWithoutFirstName" time="4.325"/>
  <testcase classname="RegressionTest.Register" name="clickingRegisterWithoutLastName" time="4.792"/>
  <testcase classname="RegressionTest.Register" name="clickingRegisterWithoutAddress" time="4.299"/>
  <testcase classname="RegressionTest.Register" name="clickingRegisterWithoutCity" time="4.097"/>
  <testcase classname="RegressionTest.Register" name="clickingRegisterWithoutState" time="4.127"/>
  <testcase classname="RegressionTest.Register" name="clickingRegisterWithoutZipCode" time="3.881"/>
  <testcase classname="RegressionTest.Register" name="clickingRegisterWithoutSSN" time="4.664"/>
  <testcase classname="RegressionTest.Register" name="clickingRegisterWithoutUsername" time="4.247"/>
  <testcase classname="RegressionTest.Register" name="clickingRegisterWithoutPassword" time="4.951"/>
  <testcase classname="RegressionTest.Register" name="clickingRegisterWithoutRepeatPassword" time="4.362"/>
  <testcase classname="RegressionTest.Register" name="clickingRegisterWithAllDetail" time="4.192"/>
</testsuite> <!-- RegressionTest.Register -->
