<?xml version="1.0" encoding="UTF-8"?>
<!-- Generated by org.testng.reporters.JUnitReportReporter -->
<testsuite hostname="Akshay" failures="0" tests="1" name="SanityTest.LoginPage" time="11.015" errors="0" timestamp="2024-11-11T23:14:44 CST" skipped="0">
  <testcase classname="SanityTest.LoginPage" name="Logout" time="11.015"/>
</testsuite> <!-- SanityTest.LoginPage -->
