<?xml version="1.0" encoding="UTF-8"?>
<!-- Generated by org.testng.reporters.JUnitReportReporter -->
<testsuite hostname="Akshay" failures="0" tests="13" name="RegressionTest.BillPay" time="8.675" errors="0" timestamp="2024-11-13T20:26:19 CST" skipped="0">
  <testcase classname="RegressionTest.BillPay" name="CheckingTheTitle" time="0.091"/>
  <testcase classname="RegressionTest.BillPay" name="ClickSendPaymentWithoutAnyDetails" time="0.227"/>
  <testcase classname="RegressionTest.BillPay" name="clickingRegisterWithoutPayeeName" time="0.741"/>
  <testcase classname="RegressionTest.BillPay" name="clickingRegisterWithoutPayeeAddress" time="0.693"/>
  <testcase classname="RegressionTest.BillPay" name="clickingRegisterWithoutCity" time="0.692"/>
  <testcase classname="RegressionTest.BillPay" name="clickingRegisterWithoutState" time="0.662"/>
  <testcase classname="RegressionTest.BillPay" name="clickingRegisterWithoutZipCode" time="0.672"/>
  <testcase classname="RegressionTest.BillPay" name="clickingRegisterWithoutphoneNumber" time="0.718"/>
  <testcase classname="RegressionTest.BillPay" name="clickingRegisterWithoutAccountNumber" time="0.719"/>
  <testcase classname="RegressionTest.BillPay" name="clickingRegisterWithoutVerifyAccount" time="0.682"/>
  <testcase classname="RegressionTest.BillPay" name="clickingRegisterWithoutVerifyAmount" time="0.788"/>
  <testcase classname="RegressionTest.BillPay" name="clickingRegisterWithDifferentAccountNumber" time="0.753"/>
  <testcase classname="RegressionTest.BillPay" name="clickingRegisterWithAllDetails" time="1.237"/>
</testsuite> <!-- RegressionTest.BillPay -->
