<?xml version="1.0" encoding="UTF-8"?>
<!-- Generated by org.testng.reporters.JUnitReportReporter -->
<testsuite hostname="Akshay" failures="0" tests="7" name="RegressionTest.LoginPage" time="35.246" errors="0" timestamp="2024-11-13T20:31:18 CST" skipped="0">
  <testcase classname="RegressionTest.LoginPage" name="withoutUsernameAndPassword" time="3.369"/>
  <testcase classname="RegressionTest.LoginPage" name="withUsernameAndWithoutPassword" time="3.677"/>
  <testcase classname="RegressionTest.LoginPage" name="withPasswordAndWithoutUsername" time="3.670"/>
  <testcase classname="RegressionTest.LoginPage" name="correctusernameAndIncorrectPassword" time="3.914"/>
  <testcase classname="RegressionTest.LoginPage" name="incorrectusernameAndcorrectPassword" time="4.059"/>
  <testcase classname="RegressionTest.LoginPage" name="correctPasswordAndUsername" time="8.189"/>
  <testcase classname="RegressionTest.LoginPage" name="Logout" time="8.368"/>
</testsuite> <!-- RegressionTest.LoginPage -->
