<?xml version="1.0" encoding="UTF-8"?>
<!-- Generated by org.testng.reporters.JUnitReportReporter -->
<testsuite hostname="Akshay" failures="0" tests="1" name="SanityTest.BillPayPage" time="9.939" errors="0" timestamp="2024-11-14T00:43:57 CST" skipped="0">
  <testcase classname="SanityTest.BillPayPage" name="clickingRegisterWithAllDetails" time="9.939"/>
</testsuite> <!-- SanityTest.BillPayPage -->
