<?xml version="1.0" encoding="UTF-8"?>
<!-- Generated by org.testng.reporters.JUnitReportReporter -->
<testsuite hostname="Akshay" failures="0" tests="11" name="SanityTest.ForgetPassword" time="48.545" errors="0" timestamp="2024-11-09T14:57:43 CST" skipped="0">
  <testcase classname="SanityTest.ForgetPassword" name="checkingTitleOfPage" time="6.204"/>
  <testcase classname="SanityTest.ForgetPassword" name="checkingSubTitleOfPage" time="4.873"/>
  <testcase classname="SanityTest.ForgetPassword" name="clickingFindMyLoginInfoWithoutAnyDetails" time="4.422"/>
  <testcase classname="SanityTest.ForgetPassword" name="clickingFindMyLoginInfoWithoutFirstName" time="4.867"/>
  <testcase classname="SanityTest.ForgetPassword" name="clickingFindMyLoginInfoWithoutLastName" time="4.200"/>
  <testcase classname="SanityTest.ForgetPassword" name="clickingFindMyLoginInfoWithoutAddress" time="4.074"/>
  <testcase classname="SanityTest.ForgetPassword" name="clickingFindMyLoginInfoWithoutCity" time="3.802"/>
  <testcase classname="SanityTest.ForgetPassword" name="clickingFindMyLoginInfoWithoutState" time="3.869"/>
  <testcase classname="SanityTest.ForgetPassword" name="clickingFindMyLoginInfoWithoutZipCode" time="4.688"/>
  <testcase classname="SanityTest.ForgetPassword" name="clickingFindMyLoginInfoWithoutSSN" time="3.871"/>
  <testcase classname="SanityTest.ForgetPassword" name="clickingFindMyLoginInfoWithAllDetails" time="3.675"/>
</testsuite> <!-- SanityTest.ForgetPassword -->
