<?xml version="1.0" encoding="UTF-8"?>
<!-- Generated by org.testng.reporters.JUnitReportReporter -->
<testsuite hostname="Akshay" failures="0" tests="2" name="RegressionTest.OpenNewAccount" time="0.823" errors="0" timestamp="2024-11-13T20:33:25 CST" skipped="0">
  <testcase classname="RegressionTest.OpenNewAccount" name="OneNewAccountCheckTitle" time="0.096"/>
  <testcase classname="RegressionTest.OpenNewAccount" name="OpenNewAccountWithoutSelectingNothing" time="0.727"/>
</testsuite> <!-- RegressionTest.OpenNewAccount -->
