<?xml version="1.0" encoding="UTF-8"?>
<!-- Generated by org.testng.reporters.JUnitReportReporter -->
<testsuite hostname="Akshay" failures="0" tests="14" name="RegressionTest.Register" time="57.178" errors="0" timestamp="2024-11-14T10:16:10 CST" skipped="0">
  <testcase classname="RegressionTest.Register" name="checkingTitleOfPage" time="2.761"/>
  <testcase classname="RegressionTest.Register" name="checkingSubTitleOfPage" time="3.863"/>
  <testcase classname="RegressionTest.Register" name="clickingRegisterWithoutAnyDetails" time="4.306"/>
  <testcase classname="RegressionTest.Register" name="clickingRegisterWithoutFirstName" time="4.752"/>
  <testcase classname="RegressionTest.Register" name="clickingRegisterWithoutLastName" time="4.209"/>
  <testcase classname="RegressionTest.Register" name="clickingRegisterWithoutAddress" time="4.449"/>
  <testcase classname="RegressionTest.Register" name="clickingRegisterWithoutCity" time="3.903"/>
  <testcase classname="RegressionTest.Register" name="clickingRegisterWithoutState" time="4.199"/>
  <testcase classname="RegressionTest.Register" name="clickingRegisterWithoutZipCode" time="3.734"/>
  <testcase classname="RegressionTest.Register" name="clickingRegisterWithoutSSN" time="4.184"/>
  <testcase classname="RegressionTest.Register" name="clickingRegisterWithoutUsername" time="4.336"/>
  <testcase classname="RegressionTest.Register" name="clickingRegisterWithoutPassword" time="3.991"/>
  <testcase classname="RegressionTest.Register" name="clickingRegisterWithoutRepeatPassword" time="4.356"/>
  <testcase classname="RegressionTest.Register" name="clickingRegisterWithAllDetail" time="4.135"/>
</testsuite> <!-- RegressionTest.Register -->
