<?xml version="1.0" encoding="UTF-8"?>
<!-- Generated by org.testng.reporters.JUnitReportReporter -->
<testsuite hostname="Akshay" failures="0" tests="1" name="SanityTest.BillPayPage" time="9.119" errors="0" timestamp="2024-11-14T10:16:10 CST" skipped="0">
  <testcase classname="SanityTest.BillPayPage" name="clickingRegisterWithAllDetails" time="9.119"/>
</testsuite> <!-- SanityTest.BillPayPage -->
