<?xml version="1.0" encoding="UTF-8"?>
<!-- Generated by org.testng.reporters.JUnitReportReporter -->
<testsuite hostname="Akshay" failures="0" tests="2" name="RegressionTest.OpenNewAccount" time="0.547" errors="0" timestamp="2024-11-14T10:16:10 CST" skipped="0">
  <testcase classname="RegressionTest.OpenNewAccount" name="OneNewAccountCheckTitle" time="0.067"/>
  <testcase classname="RegressionTest.OpenNewAccount" name="OpenNewAccountWithoutSelectingNothing" time="0.480"/>
</testsuite> <!-- RegressionTest.OpenNewAccount -->
