<?xml version="1.0" encoding="UTF-8"?>
<!-- Generated by org.testng.reporters.JUnitReportReporter -->
<testsuite hostname="Akshay" failures="0" tests="7" name="RegressionTest.LoginPage" time="33.516" errors="0" timestamp="2024-11-14T10:16:10 CST" skipped="0">
  <testcase classname="RegressionTest.LoginPage" name="withoutUsernameAndPassword" time="2.456"/>
  <testcase classname="RegressionTest.LoginPage" name="withUsernameAndWithoutPassword" time="3.861"/>
  <testcase classname="RegressionTest.LoginPage" name="withPasswordAndWithoutUsername" time="3.839"/>
  <testcase classname="RegressionTest.LoginPage" name="correctusernameAndIncorrectPassword" time="4.595"/>
  <testcase classname="RegressionTest.LoginPage" name="incorrectusernameAndcorrectPassword" time="3.128"/>
  <testcase classname="RegressionTest.LoginPage" name="correctPasswordAndUsername" time="7.547"/>
  <testcase classname="RegressionTest.LoginPage" name="Logout" time="8.090"/>
</testsuite> <!-- RegressionTest.LoginPage -->
