<?xml version="1.0" encoding="UTF-8"?>
<!-- Generated by org.testng.reporters.JUnitReportReporter -->
<testsuite hostname="Akshay" failures="0" tests="5" name="RegressionTest.HomePage" time="0.469" errors="0" timestamp="2024-11-14T10:16:10 CST" skipped="0">
  <testcase classname="RegressionTest.HomePage" name="homePageWelcomeMessage" time="0.016"/>
  <testcase classname="RegressionTest.HomePage" name="homePageMenuTitle" time="0.016"/>
  <testcase classname="RegressionTest.HomePage" name="homePageMenuItems" time="0.142"/>
  <testcase classname="RegressionTest.HomePage" name="homePageMainTitle" time="0.014"/>
  <testcase classname="RegressionTest.HomePage" name="homePageAccountTableDetails" time="0.281"/>
</testsuite> <!-- RegressionTest.HomePage -->
