<?xml version="1.0" encoding="UTF-8"?>
<!-- Generated by org.testng.reporters.JUnitReportReporter -->
<testsuite hostname="Akshay" failures="0" tests="8" name="RegressionTest.UpdateContactInfo" time="3.338" errors="0" timestamp="2024-11-14T10:16:10 CST" skipped="0">
  <testcase classname="RegressionTest.UpdateContactInfo" name="clickingUpdateProfileRemovingFirstName" time="0.162"/>
  <testcase classname="RegressionTest.UpdateContactInfo" name="clickingUpdateProfileRemovingLastName" time="0.177"/>
  <testcase classname="RegressionTest.UpdateContactInfo" name="clickingUpdateProfileRemovingAddress" time="0.233"/>
  <testcase classname="RegressionTest.UpdateContactInfo" name="clickingUpdateProfileRemovingCity" time="0.349"/>
  <testcase classname="RegressionTest.UpdateContactInfo" name="clickingUpdateProfileRemovingState" time="0.420"/>
  <testcase classname="RegressionTest.UpdateContactInfo" name="clickingUpdateProfileRemovingZipcode" time="0.536"/>
  <testcase classname="RegressionTest.UpdateContactInfo" name="clickingUpdateProfileWithoutAnyDetails" time="0.504"/>
  <testcase classname="RegressionTest.UpdateContactInfo" name="clickingUpdateProfileWithAllDetails" time="0.957"/>
</testsuite> <!-- RegressionTest.UpdateContactInfo -->
