<?xml version="1.0" encoding="UTF-8"?>
<!-- Generated by org.testng.reporters.JUnitReportReporter -->
<testsuite hostname="Akshay" failures="0" tests="13" name="RegressionTest.BillPay" time="9.439" errors="0" timestamp="2024-11-14T10:16:10 CST" skipped="0">
  <testcase classname="RegressionTest.BillPay" name="CheckingTheTitle" time="0.062"/>
  <testcase classname="RegressionTest.BillPay" name="ClickSendPaymentWithoutAnyDetails" time="0.301"/>
  <testcase classname="RegressionTest.BillPay" name="clickingRegisterWithoutPayeeName" time="0.932"/>
  <testcase classname="RegressionTest.BillPay" name="clickingRegisterWithoutPayeeAddress" time="0.706"/>
  <testcase classname="RegressionTest.BillPay" name="clickingRegisterWithoutCity" time="0.787"/>
  <testcase classname="RegressionTest.BillPay" name="clickingRegisterWithoutState" time="0.567"/>
  <testcase classname="RegressionTest.BillPay" name="clickingRegisterWithoutZipCode" time="0.628"/>
  <testcase classname="RegressionTest.BillPay" name="clickingRegisterWithoutphoneNumber" time="0.623"/>
  <testcase classname="RegressionTest.BillPay" name="clickingRegisterWithoutAccountNumber" time="0.601"/>
  <testcase classname="RegressionTest.BillPay" name="clickingRegisterWithoutVerifyAccount" time="0.782"/>
  <testcase classname="RegressionTest.BillPay" name="clickingRegisterWithoutVerifyAmount" time="0.714"/>
  <testcase classname="RegressionTest.BillPay" name="clickingRegisterWithDifferentAccountNumber" time="0.772"/>
  <testcase classname="RegressionTest.BillPay" name="clickingRegisterWithAllDetails" time="1.964"/>
</testsuite> <!-- RegressionTest.BillPay -->
