<?xml version="1.0" encoding="UTF-8"?>
<!-- Generated by org.testng.reporters.JUnitReportReporter -->
<testsuite hostname="Akshay" failures="0" tests="11" name="RegressionTest.ForgetPassword" time="42.118" errors="0" timestamp="2024-11-14T10:16:10 CST" skipped="0">
  <testcase classname="RegressionTest.ForgetPassword" name="checkingTitleOfPage" time="3.141"/>
  <testcase classname="RegressionTest.ForgetPassword" name="checkingSubTitleOfPage" time="2.232"/>
  <testcase classname="RegressionTest.ForgetPassword" name="clickingFindMyLoginInfoWithoutAnyDetails" time="3.753"/>
  <testcase classname="RegressionTest.ForgetPassword" name="clickingFindMyLoginInfoWithoutFirstName" time="4.179"/>
  <testcase classname="RegressionTest.ForgetPassword" name="clickingFindMyLoginInfoWithoutLastName" time="3.834"/>
  <testcase classname="RegressionTest.ForgetPassword" name="clickingFindMyLoginInfoWithoutAddress" time="4.621"/>
  <testcase classname="RegressionTest.ForgetPassword" name="clickingFindMyLoginInfoWithoutCity" time="3.914"/>
  <testcase classname="RegressionTest.ForgetPassword" name="clickingFindMyLoginInfoWithoutState" time="3.967"/>
  <testcase classname="RegressionTest.ForgetPassword" name="clickingFindMyLoginInfoWithoutZipCode" time="3.701"/>
  <testcase classname="RegressionTest.ForgetPassword" name="clickingFindMyLoginInfoWithoutSSN" time="4.189"/>
  <testcase classname="RegressionTest.ForgetPassword" name="clickingFindMyLoginInfoWithAllDetails" time="4.587"/>
</testsuite> <!-- RegressionTest.ForgetPassword -->
